Thu 30 May 2024 10:49:46 INFO  ['/home/niranjan/miniconda3/envs/recbole/lib/python3.9/site-packages/ipykernel_launcher.py', '--f=/home/niranjan/.local/share/jupyter/runtime/kernel-v2-34942LH3Eh6BDmUYv.json']
Thu 30 May 2024 10:49:46 INFO
General Hyper Parameters:
gpu_id = 0
use_gpu = True
seed = 2020
state = INFO
reproducibility = True
data_path = /home/niranjan/miniconda3/envs/recbole/lib/python3.9/site-packages/recbole/config/../dataset_example/ml-100k
checkpoint_dir = saved
show_progress = True
save_dataset = False
dataset_save_path = None
save_dataloaders = False
dataloaders_save_path = None
log_wandb = False

Training Hyper Parameters:
epochs = 500
train_batch_size = 4096
learner = adam
learning_rate = 0.001
train_neg_sample_args = {'distribution': 'none', 'sample_num': 'none', 'alpha': 'none', 'dynamic': False, 'candidate_num': 0}
eval_step = 1
stopping_step = 10
clip_grad_norm = None
weight_decay = 0.0
loss_decimal_place = 4

Evaluation Hyper Parameters:
eval_args = {'split': {'LS': 'valid_and_test'}, 'order': 'TO', 'group_by': 'user', 'mode': {'valid': 'full', 'test': 'full'}}
repeatable = True
metrics = ['Recall', 'MRR', 'NDCG', 'Hit', 'Precision']
topk = [10]
valid_metric = MRR@10
valid_metric_bigger = True
eval_batch_size = 4096
metric_decimal_place = 4

Dataset Hyper Parameters:
field_separator =
seq_separator =
USER_ID_FIELD = user_id
ITEM_ID_FIELD = item_id
RATING_FIELD = rating
TIME_FIELD = timestamp
seq_len = None
LABEL_FIELD = label
threshold = None
NEG_PREFIX = neg_
load_col = {'inter': ['user_id', 'item_id', 'timestamp']}
unload_col = None
unused_col = None
additional_feat_suffix = None
rm_dup_inter = None
val_interval = None
filter_inter_by_user_or_item = True
user_inter_num_interval = None
item_inter_num_interval = None
alias_of_user_id = None
alias_of_item_id = None
alias_of_entity_id = None
alias_of_relation_id = None
preload_weight = None
normalize_field = None
normalize_all = True
ITEM_LIST_LENGTH_FIELD = item_length
LIST_SUFFIX = _list
MAX_ITEM_LIST_LENGTH = 50
POSITION_FIELD = position_id
HEAD_ENTITY_ID_FIELD = head_id
TAIL_ENTITY_ID_FIELD = tail_id
RELATION_ID_FIELD = relation_id
ENTITY_ID_FIELD = entity_id
kg_reverse_r = False
entity_kg_num_interval = None
relation_kg_num_interval = None
benchmark_filename = None

Other Hyper Parameters:
worker = 0
wandb_project = recbole
shuffle = True
require_pow = False
enable_amp = False
enable_scaler = False
transform = None
embedding_size = 64
hidden_size = 128
num_layers = 1
dropout_prob = 0.3
loss_type = CE
numerical_features = []
discretization = None
MODEL_TYPE = ModelType.SEQUENTIAL
MODEL_INPUT_TYPE = InputType.POINTWISE
eval_type = EvaluatorType.RANKING
single_spec = True
local_rank = 0
device = cuda
valid_neg_sample_args = {'distribution': 'uniform', 'sample_num': 'none'}
test_neg_sample_args = {'distribution': 'uniform', 'sample_num': 'none'}


Thu 30 May 2024 10:49:47 INFO  ml-100k
The number of users: 944
Average actions of users: 106.04453870625663
The number of items: 1683
Average actions of items: 59.45303210463734
The number of inters: 100000
The sparsity of the dataset: 93.70575143257098%
Remain Fields: ['user_id', 'item_id', 'timestamp']
Thu 30 May 2024 10:49:48 INFO  [Training]: train_batch_size = [4096] train_neg_sample_args: [{'distribution': 'none', 'sample_num': 'none', 'alpha': 'none', 'dynamic': False, 'candidate_num': 0}]
Thu 30 May 2024 10:49:48 INFO  [Evaluation]: eval_batch_size = [4096] eval_args: [{'split': {'LS': 'valid_and_test'}, 'order': 'TO', 'group_by': 'user', 'mode': {'valid': 'full', 'test': 'full'}}]
Thu 30 May 2024 10:49:48 INFO  GRU4Rec(
  (item_embedding): Embedding(1683, 64, padding_idx=0)
  (emb_dropout): Dropout(p=0.3, inplace=False)
  (gru_layers): GRU(64, 128, bias=False, batch_first=True)
  (dense): Linear(in_features=128, out_features=64, bias=True)
  (loss_fct): CrossEntropyLoss()
)
Trainable parameters: 189696
Thu 30 May 2024 10:49:48 INFO  FLOPs: 4144064.0
Thu 30 May 2024 10:49:50 INFO  epoch 0 training [time: 1.21s, train loss: 176.3648]
Thu 30 May 2024 10:49:50 INFO  epoch 0 evaluating [time: 0.04s, valid_score: 0.007200]
Thu 30 May 2024 10:49:50 INFO  valid result:
recall@10 : 0.0276    mrr@10 : 0.0072    ndcg@10 : 0.012    hit@10 : 0.0276    precision@10 : 0.0028
Thu 30 May 2024 10:49:50 INFO  Saving current: saved/GRU4Rec-May-30-2024_10-49-48.pth
Thu 30 May 2024 10:49:51 INFO  epoch 1 training [time: 1.11s, train loss: 163.0268]
Thu 30 May 2024 10:49:51 INFO  epoch 1 evaluating [time: 0.01s, valid_score: 0.010500]
Thu 30 May 2024 10:49:51 INFO  valid result:
recall@10 : 0.0297    mrr@10 : 0.0105    ndcg@10 : 0.0149    hit@10 : 0.0297    precision@10 : 0.003
Thu 30 May 2024 10:49:51 INFO  Saving current: saved/GRU4Rec-May-30-2024_10-49-48.pth
Thu 30 May 2024 10:49:52 INFO  epoch 2 training [time: 1.11s, train loss: 160.5938]
Thu 30 May 2024 10:49:52 INFO  epoch 2 evaluating [time: 0.01s, valid_score: 0.010100]
Thu 30 May 2024 10:49:52 INFO  valid result:
recall@10 : 0.0286    mrr@10 : 0.0101    ndcg@10 : 0.0143    hit@10 : 0.0286    precision@10 : 0.0029
Thu 30 May 2024 10:49:53 INFO  epoch 3 training [time: 1.10s, train loss: 160.1016]
Thu 30 May 2024 10:49:53 INFO  epoch 3 evaluating [time: 0.01s, valid_score: 0.010900]
Thu 30 May 2024 10:49:53 INFO  valid result:
recall@10 : 0.035    mrr@10 : 0.0109    ndcg@10 : 0.0163    hit@10 : 0.035    precision@10 : 0.0035
Thu 30 May 2024 10:49:53 INFO  Saving current: saved/GRU4Rec-May-30-2024_10-49-48.pth
Thu 30 May 2024 10:49:54 INFO  epoch 4 training [time: 1.10s, train loss: 159.8413]
Thu 30 May 2024 10:49:54 INFO  epoch 4 evaluating [time: 0.01s, valid_score: 0.010100]
Thu 30 May 2024 10:49:54 INFO  valid result:
recall@10 : 0.0276    mrr@10 : 0.0101    ndcg@10 : 0.0141    hit@10 : 0.0276    precision@10 : 0.0028
Thu 30 May 2024 10:49:56 INFO  epoch 5 training [time: 1.10s, train loss: 159.5654]
Thu 30 May 2024 10:49:56 INFO  epoch 5 evaluating [time: 0.01s, valid_score: 0.009900]
Thu 30 May 2024 10:49:56 INFO  valid result:
recall@10 : 0.0318    mrr@10 : 0.0099    ndcg@10 : 0.0149    hit@10 : 0.0318    precision@10 : 0.0032
Thu 30 May 2024 10:49:57 INFO  epoch 6 training [time: 1.11s, train loss: 158.9709]
Thu 30 May 2024 10:49:57 INFO  epoch 6 evaluating [time: 0.01s, valid_score: 0.011300]
Thu 30 May 2024 10:49:57 INFO  valid result:
recall@10 : 0.0371    mrr@10 : 0.0113    ndcg@10 : 0.0172    hit@10 : 0.0371    precision@10 : 0.0037
Thu 30 May 2024 10:49:57 INFO  Saving current: saved/GRU4Rec-May-30-2024_10-49-48.pth
Thu 30 May 2024 10:49:58 INFO  epoch 7 training [time: 1.12s, train loss: 156.7123]
Thu 30 May 2024 10:49:58 INFO  epoch 7 evaluating [time: 0.01s, valid_score: 0.022900]
Thu 30 May 2024 10:49:58 INFO  valid result:
recall@10 : 0.0668    mrr@10 : 0.0229    ndcg@10 : 0.033    hit@10 : 0.0668    precision@10 : 0.0067
Thu 30 May 2024 10:49:58 INFO  Saving current: saved/GRU4Rec-May-30-2024_10-49-48.pth
Thu 30 May 2024 10:49:59 INFO  epoch 8 training [time: 1.10s, train loss: 153.2011]
Thu 30 May 2024 10:49:59 INFO  epoch 8 evaluating [time: 0.01s, valid_score: 0.020800]
Thu 30 May 2024 10:49:59 INFO  valid result:
recall@10 : 0.0647    mrr@10 : 0.0208    ndcg@10 : 0.031    hit@10 : 0.0647    precision@10 : 0.0065
Thu 30 May 2024 10:50:00 INFO  epoch 9 training [time: 1.10s, train loss: 150.0810]
Thu 30 May 2024 10:50:00 INFO  epoch 9 evaluating [time: 0.01s, valid_score: 0.029200]
Thu 30 May 2024 10:50:00 INFO  valid result:
recall@10 : 0.0806    mrr@10 : 0.0292    ndcg@10 : 0.0411    hit@10 : 0.0806    precision@10 : 0.0081
Thu 30 May 2024 10:50:00 INFO  Saving current: saved/GRU4Rec-May-30-2024_10-49-48.pth
Thu 30 May 2024 10:50:01 INFO  epoch 10 training [time: 1.10s, train loss: 147.9451]
Thu 30 May 2024 10:50:01 INFO  epoch 10 evaluating [time: 0.01s, valid_score: 0.030900]
Thu 30 May 2024 10:50:01 INFO  valid result:
recall@10 : 0.0838    mrr@10 : 0.0309    ndcg@10 : 0.0429    hit@10 : 0.0838    precision@10 : 0.0084
Thu 30 May 2024 10:50:01 INFO  Saving current: saved/GRU4Rec-May-30-2024_10-49-48.pth
Thu 30 May 2024 10:50:02 INFO  epoch 11 training [time: 1.10s, train loss: 146.6277]
Thu 30 May 2024 10:50:02 INFO  epoch 11 evaluating [time: 0.01s, valid_score: 0.027500]
Thu 30 May 2024 10:50:02 INFO  valid result:
recall@10 : 0.0933    mrr@10 : 0.0275    ndcg@10 : 0.0425    hit@10 : 0.0933    precision@10 : 0.0093
Thu 30 May 2024 10:50:03 INFO  epoch 12 training [time: 1.10s, train loss: 145.4294]
Thu 30 May 2024 10:50:03 INFO  epoch 12 evaluating [time: 0.01s, valid_score: 0.032700]
Thu 30 May 2024 10:50:03 INFO  valid result:
recall@10 : 0.0954    mrr@10 : 0.0327    ndcg@10 : 0.0471    hit@10 : 0.0954    precision@10 : 0.0095
Thu 30 May 2024 10:50:03 INFO  Saving current: saved/GRU4Rec-May-30-2024_10-49-48.pth
Thu 30 May 2024 10:50:05 INFO  epoch 13 training [time: 1.11s, train loss: 144.3098]
Thu 30 May 2024 10:50:05 INFO  epoch 13 evaluating [time: 0.01s, valid_score: 0.035900]
Thu 30 May 2024 10:50:05 INFO  valid result:
recall@10 : 0.106    mrr@10 : 0.0359    ndcg@10 : 0.0521    hit@10 : 0.106    precision@10 : 0.0106
Thu 30 May 2024 10:50:05 INFO  Saving current: saved/GRU4Rec-May-30-2024_10-49-48.pth
Thu 30 May 2024 10:50:06 INFO  epoch 14 training [time: 1.11s, train loss: 143.3869]
Thu 30 May 2024 10:50:06 INFO  epoch 14 evaluating [time: 0.01s, valid_score: 0.030000]
Thu 30 May 2024 10:50:06 INFO  valid result:
recall@10 : 0.1039    mrr@10 : 0.03    ndcg@10 : 0.0471    hit@10 : 0.1039    precision@10 : 0.0104
Thu 30 May 2024 10:50:07 INFO  epoch 15 training [time: 1.13s, train loss: 142.5062]
Thu 30 May 2024 10:50:07 INFO  epoch 15 evaluating [time: 0.01s, valid_score: 0.037500]
Thu 30 May 2024 10:50:07 INFO  valid result:
recall@10 : 0.122    mrr@10 : 0.0375    ndcg@10 : 0.0569    hit@10 : 0.122    precision@10 : 0.0122
Thu 30 May 2024 10:50:07 INFO  Saving current: saved/GRU4Rec-May-30-2024_10-49-48.pth
Thu 30 May 2024 10:50:08 INFO  epoch 16 training [time: 1.12s, train loss: 141.5987]
Thu 30 May 2024 10:50:08 INFO  epoch 16 evaluating [time: 0.01s, valid_score: 0.038500]
Thu 30 May 2024 10:50:08 INFO  valid result:
recall@10 : 0.1294    mrr@10 : 0.0385    ndcg@10 : 0.0592    hit@10 : 0.1294    precision@10 : 0.0129
Thu 30 May 2024 10:50:08 INFO  Saving current: saved/GRU4Rec-May-30-2024_10-49-48.pth
Thu 30 May 2024 10:50:09 INFO  epoch 17 training [time: 1.11s, train loss: 140.8193]
Thu 30 May 2024 10:50:09 INFO  epoch 17 evaluating [time: 0.01s, valid_score: 0.034700]
Thu 30 May 2024 10:50:09 INFO  valid result:
recall@10 : 0.1273    mrr@10 : 0.0347    ndcg@10 : 0.0559    hit@10 : 0.1273    precision@10 : 0.0127
Thu 30 May 2024 10:50:10 INFO  epoch 18 training [time: 1.12s, train loss: 140.1359]
Thu 30 May 2024 10:50:10 INFO  epoch 18 evaluating [time: 0.01s, valid_score: 0.035300]
Thu 30 May 2024 10:50:10 INFO  valid result:
recall@10 : 0.1177    mrr@10 : 0.0353    ndcg@10 : 0.0542    hit@10 : 0.1177    precision@10 : 0.0118
Thu 30 May 2024 10:50:11 INFO  epoch 19 training [time: 1.11s, train loss: 139.6373]
Thu 30 May 2024 10:50:11 INFO  epoch 19 evaluating [time: 0.01s, valid_score: 0.039500]
Thu 30 May 2024 10:50:11 INFO  valid result:
recall@10 : 0.1135    mrr@10 : 0.0395    ndcg@10 : 0.0563    hit@10 : 0.1135    precision@10 : 0.0113
Thu 30 May 2024 10:50:11 INFO  Saving current: saved/GRU4Rec-May-30-2024_10-49-48.pth
Thu 30 May 2024 10:50:12 INFO  epoch 20 training [time: 1.13s, train loss: 139.2499]
Thu 30 May 2024 10:50:13 INFO  epoch 20 evaluating [time: 0.01s, valid_score: 0.035200]
Thu 30 May 2024 10:50:13 INFO  valid result:
recall@10 : 0.1145    mrr@10 : 0.0352    ndcg@10 : 0.0533    hit@10 : 0.1145    precision@10 : 0.0115
Thu 30 May 2024 10:50:14 INFO  epoch 21 training [time: 1.13s, train loss: 138.9858]
Thu 30 May 2024 10:50:14 INFO  epoch 21 evaluating [time: 0.01s, valid_score: 0.036600]
Thu 30 May 2024 10:50:14 INFO  valid result:
recall@10 : 0.1251    mrr@10 : 0.0366    ndcg@10 : 0.0568    hit@10 : 0.1251    precision@10 : 0.0125
Thu 30 May 2024 10:50:15 INFO  epoch 22 training [time: 1.11s, train loss: 138.6904]
Thu 30 May 2024 10:50:15 INFO  epoch 22 evaluating [time: 0.01s, valid_score: 0.042400]
Thu 30 May 2024 10:50:15 INFO  valid result:
recall@10 : 0.1241    mrr@10 : 0.0424    ndcg@10 : 0.0611    hit@10 : 0.1241    precision@10 : 0.0124
Thu 30 May 2024 10:50:15 INFO  Saving current: saved/GRU4Rec-May-30-2024_10-49-48.pth
Thu 30 May 2024 10:50:16 INFO  epoch 23 training [time: 1.12s, train loss: 138.4675]
Thu 30 May 2024 10:50:16 INFO  epoch 23 evaluating [time: 0.01s, valid_score: 0.034600]
Thu 30 May 2024 10:50:16 INFO  valid result:
recall@10 : 0.1188    mrr@10 : 0.0346    ndcg@10 : 0.0538    hit@10 : 0.1188    precision@10 : 0.0119
Thu 30 May 2024 10:50:17 INFO  epoch 24 training [time: 1.11s, train loss: 138.2149]
Thu 30 May 2024 10:50:17 INFO  epoch 24 evaluating [time: 0.01s, valid_score: 0.042500]
Thu 30 May 2024 10:50:17 INFO  valid result:
recall@10 : 0.1304    mrr@10 : 0.0425    ndcg@10 : 0.0627    hit@10 : 0.1304    precision@10 : 0.013
Thu 30 May 2024 10:50:17 INFO  Saving current: saved/GRU4Rec-May-30-2024_10-49-48.pth
Thu 30 May 2024 10:50:18 INFO  epoch 25 training [time: 1.13s, train loss: 137.9787]
Thu 30 May 2024 10:50:18 INFO  epoch 25 evaluating [time: 0.01s, valid_score: 0.043400]
Thu 30 May 2024 10:50:18 INFO  valid result:
recall@10 : 0.1347    mrr@10 : 0.0434    ndcg@10 : 0.064    hit@10 : 0.1347    precision@10 : 0.0135
Thu 30 May 2024 10:50:18 INFO  Saving current: saved/GRU4Rec-May-30-2024_10-49-48.pth
Thu 30 May 2024 10:50:19 INFO  epoch 26 training [time: 1.13s, train loss: 137.7229]
Thu 30 May 2024 10:50:19 INFO  epoch 26 evaluating [time: 0.01s, valid_score: 0.041900]
Thu 30 May 2024 10:50:19 INFO  valid result:
recall@10 : 0.1304    mrr@10 : 0.0419    ndcg@10 : 0.0622    hit@10 : 0.1304    precision@10 : 0.013
Thu 30 May 2024 10:50:21 INFO  epoch 27 training [time: 1.13s, train loss: 137.4315]
Thu 30 May 2024 10:50:21 INFO  epoch 27 evaluating [time: 0.01s, valid_score: 0.042600]
Thu 30 May 2024 10:50:21 INFO  valid result:
recall@10 : 0.1421    mrr@10 : 0.0426    ndcg@10 : 0.0654    hit@10 : 0.1421    precision@10 : 0.0142
Thu 30 May 2024 10:50:22 INFO  epoch 28 training [time: 1.12s, train loss: 137.1841]
Thu 30 May 2024 10:50:22 INFO  epoch 28 evaluating [time: 0.01s, valid_score: 0.046700]
Thu 30 May 2024 10:50:22 INFO  valid result:
recall@10 : 0.1336    mrr@10 : 0.0467    ndcg@10 : 0.0666    hit@10 : 0.1336    precision@10 : 0.0134
Thu 30 May 2024 10:50:22 INFO  Saving current: saved/GRU4Rec-May-30-2024_10-49-48.pth
Thu 30 May 2024 10:50:23 INFO  epoch 29 training [time: 1.14s, train loss: 136.9477]
Thu 30 May 2024 10:50:23 INFO  epoch 29 evaluating [time: 0.01s, valid_score: 0.045400]
Thu 30 May 2024 10:50:23 INFO  valid result:
recall@10 : 0.141    mrr@10 : 0.0454    ndcg@10 : 0.0674    hit@10 : 0.141    precision@10 : 0.0141
Thu 30 May 2024 10:50:24 INFO  epoch 30 training [time: 1.14s, train loss: 136.7239]
Thu 30 May 2024 10:50:24 INFO  epoch 30 evaluating [time: 0.01s, valid_score: 0.048100]
Thu 30 May 2024 10:50:24 INFO  valid result:
recall@10 : 0.1347    mrr@10 : 0.0481    ndcg@10 : 0.068    hit@10 : 0.1347    precision@10 : 0.0135
Thu 30 May 2024 10:50:24 INFO  Saving current: saved/GRU4Rec-May-30-2024_10-49-48.pth
Thu 30 May 2024 10:50:25 INFO  epoch 31 training [time: 1.14s, train loss: 136.4607]
Thu 30 May 2024 10:50:25 INFO  epoch 31 evaluating [time: 0.01s, valid_score: 0.045600]
Thu 30 May 2024 10:50:25 INFO  valid result:
recall@10 : 0.1262    mrr@10 : 0.0456    ndcg@10 : 0.0642    hit@10 : 0.1262    precision@10 : 0.0126
Thu 30 May 2024 10:50:26 INFO  epoch 32 training [time: 1.14s, train loss: 136.2269]
Thu 30 May 2024 10:50:26 INFO  epoch 32 evaluating [time: 0.01s, valid_score: 0.046100]
Thu 30 May 2024 10:50:26 INFO  valid result:
recall@10 : 0.1442    mrr@10 : 0.0461    ndcg@10 : 0.0687    hit@10 : 0.1442    precision@10 : 0.0144
Thu 30 May 2024 10:50:27 INFO  epoch 33 training [time: 1.14s, train loss: 136.0277]
Thu 30 May 2024 10:50:27 INFO  epoch 33 evaluating [time: 0.01s, valid_score: 0.044700]
Thu 30 May 2024 10:50:27 INFO  valid result:
recall@10 : 0.1379    mrr@10 : 0.0447    ndcg@10 : 0.0662    hit@10 : 0.1379    precision@10 : 0.0138
Thu 30 May 2024 10:50:29 INFO  epoch 34 training [time: 1.14s, train loss: 135.7919]
Thu 30 May 2024 10:50:29 INFO  epoch 34 evaluating [time: 0.01s, valid_score: 0.044000]
Thu 30 May 2024 10:50:29 INFO  valid result:
recall@10 : 0.1453    mrr@10 : 0.044    ndcg@10 : 0.0673    hit@10 : 0.1453    precision@10 : 0.0145
Thu 30 May 2024 10:50:30 INFO  epoch 35 training [time: 1.11s, train loss: 135.6165]
Thu 30 May 2024 10:50:30 INFO  epoch 35 evaluating [time: 0.01s, valid_score: 0.042700]
Thu 30 May 2024 10:50:30 INFO  valid result:
recall@10 : 0.1379    mrr@10 : 0.0427    ndcg@10 : 0.0645    hit@10 : 0.1379    precision@10 : 0.0138
Thu 30 May 2024 10:50:31 INFO  epoch 36 training [time: 1.11s, train loss: 135.3965]
Thu 30 May 2024 10:50:31 INFO  epoch 36 evaluating [time: 0.01s, valid_score: 0.047200]
Thu 30 May 2024 10:50:31 INFO  valid result:
recall@10 : 0.1326    mrr@10 : 0.0472    ndcg@10 : 0.067    hit@10 : 0.1326    precision@10 : 0.0133
Thu 30 May 2024 10:50:32 INFO  epoch 37 training [time: 1.12s, train loss: 135.2450]
Thu 30 May 2024 10:50:32 INFO  epoch 37 evaluating [time: 0.01s, valid_score: 0.043800]
Thu 30 May 2024 10:50:32 INFO  valid result:
recall@10 : 0.1421    mrr@10 : 0.0438    ndcg@10 : 0.0665    hit@10 : 0.1421    precision@10 : 0.0142
Thu 30 May 2024 10:50:33 INFO  epoch 38 training [time: 1.12s, train loss: 135.1262]
Thu 30 May 2024 10:50:33 INFO  epoch 38 evaluating [time: 0.01s, valid_score: 0.049900]
Thu 30 May 2024 10:50:33 INFO  valid result:
recall@10 : 0.1432    mrr@10 : 0.0499    ndcg@10 : 0.0714    hit@10 : 0.1432    precision@10 : 0.0143
Thu 30 May 2024 10:50:33 INFO  Saving current: saved/GRU4Rec-May-30-2024_10-49-48.pth
Thu 30 May 2024 10:50:34 INFO  epoch 39 training [time: 1.12s, train loss: 134.9267]
Thu 30 May 2024 10:50:34 INFO  epoch 39 evaluating [time: 0.01s, valid_score: 0.044000]
Thu 30 May 2024 10:50:34 INFO  valid result:
recall@10 : 0.1326    mrr@10 : 0.044    ndcg@10 : 0.0646    hit@10 : 0.1326    precision@10 : 0.0133
Thu 30 May 2024 10:50:35 INFO  epoch 40 training [time: 1.12s, train loss: 134.7773]
Thu 30 May 2024 10:50:35 INFO  epoch 40 evaluating [time: 0.01s, valid_score: 0.046100]
Thu 30 May 2024 10:50:35 INFO  valid result:
recall@10 : 0.1463    mrr@10 : 0.0461    ndcg@10 : 0.0691    hit@10 : 0.1463    precision@10 : 0.0146
Thu 30 May 2024 10:50:37 INFO  epoch 41 training [time: 1.14s, train loss: 134.6796]
Thu 30 May 2024 10:50:37 INFO  epoch 41 evaluating [time: 0.01s, valid_score: 0.045800]
Thu 30 May 2024 10:50:37 INFO  valid result:
recall@10 : 0.1432    mrr@10 : 0.0458    ndcg@10 : 0.0682    hit@10 : 0.1432    precision@10 : 0.0143
Thu 30 May 2024 10:50:38 INFO  epoch 42 training [time: 1.12s, train loss: 134.5212]
Thu 30 May 2024 10:50:38 INFO  epoch 42 evaluating [time: 0.01s, valid_score: 0.043600]
Thu 30 May 2024 10:50:38 INFO  valid result:
recall@10 : 0.1389    mrr@10 : 0.0436    ndcg@10 : 0.0656    hit@10 : 0.1389    precision@10 : 0.0139
Thu 30 May 2024 10:50:39 INFO  epoch 43 training [time: 1.12s, train loss: 134.3764]
Thu 30 May 2024 10:50:39 INFO  epoch 43 evaluating [time: 0.01s, valid_score: 0.042800]
Thu 30 May 2024 10:50:39 INFO  valid result:
recall@10 : 0.1389    mrr@10 : 0.0428    ndcg@10 : 0.0649    hit@10 : 0.1389    precision@10 : 0.0139
Thu 30 May 2024 10:50:40 INFO  epoch 44 training [time: 1.12s, train loss: 134.2806]
Thu 30 May 2024 10:50:40 INFO  epoch 44 evaluating [time: 0.01s, valid_score: 0.049600]
Thu 30 May 2024 10:50:40 INFO  valid result:
recall@10 : 0.1357    mrr@10 : 0.0496    ndcg@10 : 0.0695    hit@10 : 0.1357    precision@10 : 0.0136
Thu 30 May 2024 10:50:41 INFO  epoch 45 training [time: 1.12s, train loss: 134.1292]
Thu 30 May 2024 10:50:41 INFO  epoch 45 evaluating [time: 0.01s, valid_score: 0.045000]
Thu 30 May 2024 10:50:41 INFO  valid result:
recall@10 : 0.1421    mrr@10 : 0.045    ndcg@10 : 0.0673    hit@10 : 0.1421    precision@10 : 0.0142
Thu 30 May 2024 10:50:42 INFO  epoch 46 training [time: 1.13s, train loss: 134.0011]
Thu 30 May 2024 10:50:42 INFO  epoch 46 evaluating [time: 0.01s, valid_score: 0.042400]
Thu 30 May 2024 10:50:42 INFO  valid result:
recall@10 : 0.1368    mrr@10 : 0.0424    ndcg@10 : 0.0641    hit@10 : 0.1368    precision@10 : 0.0137
Thu 30 May 2024 10:50:43 INFO  epoch 47 training [time: 1.12s, train loss: 133.8521]
Thu 30 May 2024 10:50:43 INFO  epoch 47 evaluating [time: 0.01s, valid_score: 0.046300]
Thu 30 May 2024 10:50:43 INFO  valid result:
recall@10 : 0.14    mrr@10 : 0.0463    ndcg@10 : 0.0678    hit@10 : 0.14    precision@10 : 0.014
Thu 30 May 2024 10:50:45 INFO  epoch 48 training [time: 1.12s, train loss: 133.7276]
Thu 30 May 2024 10:50:45 INFO  epoch 48 evaluating [time: 0.01s, valid_score: 0.041800]
Thu 30 May 2024 10:50:45 INFO  valid result:
recall@10 : 0.1432    mrr@10 : 0.0418    ndcg@10 : 0.0652    hit@10 : 0.1432    precision@10 : 0.0143
Thu 30 May 2024 10:50:46 INFO  epoch 49 training [time: 1.14s, train loss: 133.5756]
Thu 30 May 2024 10:50:46 INFO  epoch 49 evaluating [time: 0.01s, valid_score: 0.044000]
Thu 30 May 2024 10:50:46 INFO  valid result:
recall@10 : 0.1421    mrr@10 : 0.044    ndcg@10 : 0.0664    hit@10 : 0.1421    precision@10 : 0.0142
Thu 30 May 2024 10:50:46 INFO  Finished training, best eval result in epoch 38
Thu 30 May 2024 10:50:46 INFO  Loading model structure and parameters from saved/GRU4Rec-May-30-2024_10-49-48.pth
Thu 30 May 2024 10:50:47 INFO  The running environment of this training is as follows:
+-------------+----------------+
| Environment |     Usage      |
+=============+================+
| CPU         |     1.70 %     |
+-------------+----------------+
| GPU         | 4.03 G/11.75 G |
+-------------+----------------+
| Memory      | 1.27 G/31.23 G |
+-------------+----------------+
Thu 30 May 2024 10:50:47 INFO  best valid : OrderedDict([('recall@10', 0.1432), ('mrr@10', 0.0499), ('ndcg@10', 0.0714), ('hit@10', 0.1432), ('precision@10', 0.0143)])
Thu 30 May 2024 10:50:47 INFO  test result: OrderedDict([('recall@10', 0.123), ('mrr@10', 0.0393), ('ndcg@10', 0.0585), ('hit@10', 0.123), ('precision@10', 0.0123)])
